
2017-07-15 21:45:39
[DEBUG]-[Thread: main]-[com.zaxxer.hikari.HikariConfig.logConfiguration()]: HikariPool-1 - configuration:

2017-07-15 21:45:39
[DEBUG]-[Thread: main]-[com.zaxxer.hikari.HikariConfig.logConfiguration()]: allowPoolSuspension.............false

2017-07-15 21:45:39
[DEBUG]-[Thread: main]-[com.zaxxer.hikari.HikariConfig.logConfiguration()]: autoCommit......................true

2017-07-15 21:45:39
[DEBUG]-[Thread: main]-[com.zaxxer.hikari.HikariConfig.logConfiguration()]: catalog.........................none

2017-07-15 21:45:39
[DEBUG]-[Thread: main]-[com.zaxxer.hikari.HikariConfig.logConfiguration()]: connectionInitSql...............none

2017-07-15 21:45:39
[DEBUG]-[Thread: main]-[com.zaxxer.hikari.HikariConfig.logConfiguration()]: connectionTestQuery.............none

2017-07-15 21:45:39
[DEBUG]-[Thread: main]-[com.zaxxer.hikari.HikariConfig.logConfiguration()]: connectionTimeout...............30000

2017-07-15 21:45:39
[DEBUG]-[Thread: main]-[com.zaxxer.hikari.HikariConfig.logConfiguration()]: dataSource......................none

2017-07-15 21:45:39
[DEBUG]-[Thread: main]-[com.zaxxer.hikari.HikariConfig.logConfiguration()]: dataSourceClassName.............none

2017-07-15 21:45:39
[DEBUG]-[Thread: main]-[com.zaxxer.hikari.HikariConfig.logConfiguration()]: dataSourceJNDI..................none

2017-07-15 21:45:39
[DEBUG]-[Thread: main]-[com.zaxxer.hikari.HikariConfig.logConfiguration()]: dataSourceProperties............{password=<masked>, prepStmtCacheSqlLimit=2048, cachePrepStmts=true, useServerPrepStmts=true, prepStmtCacheSize=256}

2017-07-15 21:45:39
[DEBUG]-[Thread: main]-[com.zaxxer.hikari.HikariConfig.logConfiguration()]: driverClassName.................none

2017-07-15 21:45:39
[DEBUG]-[Thread: main]-[com.zaxxer.hikari.HikariConfig.logConfiguration()]: healthCheckProperties...........{}

2017-07-15 21:45:39
[DEBUG]-[Thread: main]-[com.zaxxer.hikari.HikariConfig.logConfiguration()]: healthCheckRegistry.............none

2017-07-15 21:45:39
[DEBUG]-[Thread: main]-[com.zaxxer.hikari.HikariConfig.logConfiguration()]: idleTimeout.....................600000

2017-07-15 21:45:39
[DEBUG]-[Thread: main]-[com.zaxxer.hikari.HikariConfig.logConfiguration()]: initializationFailFast..........true

2017-07-15 21:45:39
[DEBUG]-[Thread: main]-[com.zaxxer.hikari.HikariConfig.logConfiguration()]: initializationFailTimeout.......1

2017-07-15 21:45:39
[DEBUG]-[Thread: main]-[com.zaxxer.hikari.HikariConfig.logConfiguration()]: isolateInternalQueries..........false

2017-07-15 21:45:39
[DEBUG]-[Thread: main]-[com.zaxxer.hikari.HikariConfig.logConfiguration()]: jdbc4ConnectionTest.............false

2017-07-15 21:45:39
[DEBUG]-[Thread: main]-[com.zaxxer.hikari.HikariConfig.logConfiguration()]: jdbcUrl........................."jdbc:mysql://localhost:3306/tomexam?characterEncoding=utf8&zeroDateTimeBehavior=convertToNull&&useSSL=false"

2017-07-15 21:45:39
[DEBUG]-[Thread: main]-[com.zaxxer.hikari.HikariConfig.logConfiguration()]: leakDetectionThreshold..........0

2017-07-15 21:45:39
[DEBUG]-[Thread: main]-[com.zaxxer.hikari.HikariConfig.logConfiguration()]: maxLifetime.....................1800000

2017-07-15 21:45:39
[DEBUG]-[Thread: main]-[com.zaxxer.hikari.HikariConfig.logConfiguration()]: maximumPoolSize.................10

2017-07-15 21:45:39
[DEBUG]-[Thread: main]-[com.zaxxer.hikari.HikariConfig.logConfiguration()]: metricRegistry..................none

2017-07-15 21:45:39
[DEBUG]-[Thread: main]-[com.zaxxer.hikari.HikariConfig.logConfiguration()]: metricsTrackerFactory...........none

2017-07-15 21:45:39
[DEBUG]-[Thread: main]-[com.zaxxer.hikari.HikariConfig.logConfiguration()]: minimumIdle.....................10

2017-07-15 21:45:39
[DEBUG]-[Thread: main]-[com.zaxxer.hikari.HikariConfig.logConfiguration()]: password........................<masked>

2017-07-15 21:45:39
[DEBUG]-[Thread: main]-[com.zaxxer.hikari.HikariConfig.logConfiguration()]: poolName........................"HikariPool-1"

2017-07-15 21:45:39
[DEBUG]-[Thread: main]-[com.zaxxer.hikari.HikariConfig.logConfiguration()]: readOnly........................false

2017-07-15 21:45:39
[DEBUG]-[Thread: main]-[com.zaxxer.hikari.HikariConfig.logConfiguration()]: registerMbeans..................false

2017-07-15 21:45:39
[DEBUG]-[Thread: main]-[com.zaxxer.hikari.HikariConfig.logConfiguration()]: scheduledExecutor...............none

2017-07-15 21:45:39
[DEBUG]-[Thread: main]-[com.zaxxer.hikari.HikariConfig.logConfiguration()]: scheduledExecutorService........internal

2017-07-15 21:45:39
[DEBUG]-[Thread: main]-[com.zaxxer.hikari.HikariConfig.logConfiguration()]: threadFactory...................internal

2017-07-15 21:45:39
[DEBUG]-[Thread: main]-[com.zaxxer.hikari.HikariConfig.logConfiguration()]: transactionIsolation............default

2017-07-15 21:45:39
[DEBUG]-[Thread: main]-[com.zaxxer.hikari.HikariConfig.logConfiguration()]: username........................"root"

2017-07-15 21:45:39
[DEBUG]-[Thread: main]-[com.zaxxer.hikari.HikariConfig.logConfiguration()]: validationTimeout...............5000

2017-07-15 21:45:39
[INFO]-[Thread: main]-[com.zaxxer.hikari.HikariDataSource.<init>()]: HikariPool-1 - Starting...

2017-07-15 21:45:40
[DEBUG]-[Thread: main]-[com.zaxxer.hikari.pool.HikariPool.checkFailFast()]: HikariPool-1 - Added connection com.mysql.jdbc.JDBC4Connection@34340fab

2017-07-15 21:45:40
[INFO]-[Thread: main]-[com.zaxxer.hikari.HikariDataSource.<init>()]: HikariPool-1 - Start completed.
