
2017-07-15 22:16:59
[DEBUG]-[Thread: localhost-startStop-1]-[com.zaxxer.hikari.HikariConfig.setDriverClassName()]: Driver class found in the HikariConfig class classloader WebappClassLoader
  context: 
  delegate: false
  repositories:
    /WEB-INF/classes/
----------> Parent Classloader:
ClassRealm[plugin>org.apache.tomcat.maven:tomcat7-maven-plugin:2.2, parent: sun.misc.Launcher$AppClassLoader@18b4aac2]


2017-07-15 22:16:59
[DEBUG]-[Thread: localhost-startStop-1]-[com.zaxxer.hikari.HikariConfig.logConfiguration()]: HikariPool-1 - configuration:

2017-07-15 22:16:59
[DEBUG]-[Thread: localhost-startStop-1]-[com.zaxxer.hikari.HikariConfig.logConfiguration()]: allowPoolSuspension.............false

2017-07-15 22:16:59
[DEBUG]-[Thread: localhost-startStop-1]-[com.zaxxer.hikari.HikariConfig.logConfiguration()]: autoCommit......................true

2017-07-15 22:16:59
[DEBUG]-[Thread: localhost-startStop-1]-[com.zaxxer.hikari.HikariConfig.logConfiguration()]: catalog.........................none

2017-07-15 22:16:59
[DEBUG]-[Thread: localhost-startStop-1]-[com.zaxxer.hikari.HikariConfig.logConfiguration()]: connectionInitSql...............none

2017-07-15 22:16:59
[DEBUG]-[Thread: localhost-startStop-1]-[com.zaxxer.hikari.HikariConfig.logConfiguration()]: connectionTestQuery.............none

2017-07-15 22:16:59
[DEBUG]-[Thread: localhost-startStop-1]-[com.zaxxer.hikari.HikariConfig.logConfiguration()]: connectionTimeout...............30000

2017-07-15 22:16:59
[DEBUG]-[Thread: localhost-startStop-1]-[com.zaxxer.hikari.HikariConfig.logConfiguration()]: dataSource......................none

2017-07-15 22:16:59
[DEBUG]-[Thread: localhost-startStop-1]-[com.zaxxer.hikari.HikariConfig.logConfiguration()]: dataSourceClassName.............none

2017-07-15 22:16:59
[DEBUG]-[Thread: localhost-startStop-1]-[com.zaxxer.hikari.HikariConfig.logConfiguration()]: dataSourceJNDI..................none

2017-07-15 22:16:59
[DEBUG]-[Thread: localhost-startStop-1]-[com.zaxxer.hikari.HikariConfig.logConfiguration()]: dataSourceProperties............{password=<masked>, prepStmtCacheSqlLimit=2048, cachePrepStmts=true, useServerPrepStmts=true, prepStmtCacheSize=256}

2017-07-15 22:16:59
[DEBUG]-[Thread: localhost-startStop-1]-[com.zaxxer.hikari.HikariConfig.logConfiguration()]: driverClassName................."com.mysql.jdbc.Driver"

2017-07-15 22:16:59
[DEBUG]-[Thread: localhost-startStop-1]-[com.zaxxer.hikari.HikariConfig.logConfiguration()]: healthCheckProperties...........{}

2017-07-15 22:16:59
[DEBUG]-[Thread: localhost-startStop-1]-[com.zaxxer.hikari.HikariConfig.logConfiguration()]: healthCheckRegistry.............none

2017-07-15 22:16:59
[DEBUG]-[Thread: localhost-startStop-1]-[com.zaxxer.hikari.HikariConfig.logConfiguration()]: idleTimeout.....................600000

2017-07-15 22:16:59
[DEBUG]-[Thread: localhost-startStop-1]-[com.zaxxer.hikari.HikariConfig.logConfiguration()]: initializationFailFast..........true

2017-07-15 22:16:59
[DEBUG]-[Thread: localhost-startStop-1]-[com.zaxxer.hikari.HikariConfig.logConfiguration()]: initializationFailTimeout.......1

2017-07-15 22:16:59
[DEBUG]-[Thread: localhost-startStop-1]-[com.zaxxer.hikari.HikariConfig.logConfiguration()]: isolateInternalQueries..........false

2017-07-15 22:16:59
[DEBUG]-[Thread: localhost-startStop-1]-[com.zaxxer.hikari.HikariConfig.logConfiguration()]: jdbc4ConnectionTest.............false

2017-07-15 22:16:59
[DEBUG]-[Thread: localhost-startStop-1]-[com.zaxxer.hikari.HikariConfig.logConfiguration()]: jdbcUrl........................."jdbc:mysql://localhost:3306/tomexam?characterEncoding=utf8&zeroDateTimeBehavior=convertToNull&&useSSL=false"

2017-07-15 22:16:59
[DEBUG]-[Thread: localhost-startStop-1]-[com.zaxxer.hikari.HikariConfig.logConfiguration()]: leakDetectionThreshold..........0

2017-07-15 22:16:59
[DEBUG]-[Thread: localhost-startStop-1]-[com.zaxxer.hikari.HikariConfig.logConfiguration()]: maxLifetime.....................1800000

2017-07-15 22:16:59
[DEBUG]-[Thread: localhost-startStop-1]-[com.zaxxer.hikari.HikariConfig.logConfiguration()]: maximumPoolSize.................10

2017-07-15 22:16:59
[DEBUG]-[Thread: localhost-startStop-1]-[com.zaxxer.hikari.HikariConfig.logConfiguration()]: metricRegistry..................none

2017-07-15 22:16:59
[DEBUG]-[Thread: localhost-startStop-1]-[com.zaxxer.hikari.HikariConfig.logConfiguration()]: metricsTrackerFactory...........none

2017-07-15 22:16:59
[DEBUG]-[Thread: localhost-startStop-1]-[com.zaxxer.hikari.HikariConfig.logConfiguration()]: minimumIdle.....................10

2017-07-15 22:16:59
[DEBUG]-[Thread: localhost-startStop-1]-[com.zaxxer.hikari.HikariConfig.logConfiguration()]: password........................<masked>

2017-07-15 22:16:59
[DEBUG]-[Thread: localhost-startStop-1]-[com.zaxxer.hikari.HikariConfig.logConfiguration()]: poolName........................"HikariPool-1"

2017-07-15 22:16:59
[DEBUG]-[Thread: localhost-startStop-1]-[com.zaxxer.hikari.HikariConfig.logConfiguration()]: readOnly........................false

2017-07-15 22:16:59
[DEBUG]-[Thread: localhost-startStop-1]-[com.zaxxer.hikari.HikariConfig.logConfiguration()]: registerMbeans..................false

2017-07-15 22:16:59
[DEBUG]-[Thread: localhost-startStop-1]-[com.zaxxer.hikari.HikariConfig.logConfiguration()]: scheduledExecutor...............none

2017-07-15 22:16:59
[DEBUG]-[Thread: localhost-startStop-1]-[com.zaxxer.hikari.HikariConfig.logConfiguration()]: scheduledExecutorService........internal

2017-07-15 22:16:59
[DEBUG]-[Thread: localhost-startStop-1]-[com.zaxxer.hikari.HikariConfig.logConfiguration()]: threadFactory...................internal

2017-07-15 22:16:59
[DEBUG]-[Thread: localhost-startStop-1]-[com.zaxxer.hikari.HikariConfig.logConfiguration()]: transactionIsolation............default

2017-07-15 22:16:59
[DEBUG]-[Thread: localhost-startStop-1]-[com.zaxxer.hikari.HikariConfig.logConfiguration()]: username........................"root"

2017-07-15 22:16:59
[DEBUG]-[Thread: localhost-startStop-1]-[com.zaxxer.hikari.HikariConfig.logConfiguration()]: validationTimeout...............5000

2017-07-15 22:16:59
[INFO]-[Thread: localhost-startStop-1]-[com.zaxxer.hikari.HikariDataSource.<init>()]: HikariPool-1 - Starting...

2017-07-15 22:16:59
[DEBUG]-[Thread: localhost-startStop-1]-[com.zaxxer.hikari.pool.HikariPool.checkFailFast()]: HikariPool-1 - Added connection com.mysql.jdbc.JDBC4Connection@2f951fa

2017-07-15 22:16:59
[INFO]-[Thread: localhost-startStop-1]-[com.zaxxer.hikari.HikariDataSource.<init>()]: HikariPool-1 - Start completed.

2017-07-15 22:16:59
[ERROR]-[Thread: localhost-startStop-1]-[com.jfinal.core.Config.startPlugins()]: Plugin start error: com.jfinal.plugin.activerecord.ActiveRecordPlugin. 
File not found : C:\github\tomexam\tomexam-modules\exammd\exam-web\target\exam-web\WEB-INF\classesresource/templete.sql
java.lang.RuntimeException: File not found : C:\github\tomexam\tomexam-modules\exammd\exam-web\target\exam-web\WEB-INF\classesresource/templete.sql
	at com.jfinal.template.FileStringSource.getContent(FileStringSource.java:70)
	at com.jfinal.template.Engine.buildTemplateByFileStringSource(Engine.java:147)
	at com.jfinal.template.Engine.getTemplate(Engine.java:133)
	at com.jfinal.plugin.activerecord.sql.SqlKit.parseSqlTemplate(SqlKit.java:92)
	at com.jfinal.plugin.activerecord.ActiveRecordPlugin.start(ActiveRecordPlugin.java:216)
	at com.jfinal.core.Config.startPlugins(Config.java:107)
	at com.jfinal.core.Config.configJFinal(Config.java:53)
	at com.jfinal.core.JFinal.init(JFinal.java:63)
	at com.jfinal.core.JFinalFilter.init(JFinalFilter.java:49)
	at org.apache.catalina.core.ApplicationFilterConfig.initFilter(ApplicationFilterConfig.java:281)
	at org.apache.catalina.core.ApplicationFilterConfig.getFilter(ApplicationFilterConfig.java:262)
	at org.apache.catalina.core.ApplicationFilterConfig.<init>(ApplicationFilterConfig.java:107)
	at org.apache.catalina.core.StandardContext.filterStart(StandardContext.java:4775)
	at org.apache.catalina.core.StandardContext.startInternal(StandardContext.java:5452)
	at org.apache.catalina.util.LifecycleBase.start(LifecycleBase.java:150)
	at org.apache.catalina.core.ContainerBase$StartChild.call(ContainerBase.java:1559)
	at org.apache.catalina.core.ContainerBase$StartChild.call(ContainerBase.java:1549)
	at java.util.concurrent.FutureTask.run(FutureTask.java:266)
	at java.util.concurrent.ThreadPoolExecutor.runWorker(ThreadPoolExecutor.java:1142)
	at java.util.concurrent.ThreadPoolExecutor$Worker.run(ThreadPoolExecutor.java:617)
	at java.lang.Thread.run(Thread.java:745)

2017-07-15 22:16:59
[DEBUG]-[Thread: HikariPool-1 housekeeper]-[com.zaxxer.hikari.pool.HikariPool.logPoolState()]: HikariPool-1 - Pool stats (total=1, active=0, idle=1, waiting=0)

2017-07-15 22:16:59
[DEBUG]-[Thread: HikariPool-1 connection adder]-[com.zaxxer.hikari.pool.HikariPool$PoolEntryCreator.call()]: HikariPool-1 - Added connection com.mysql.jdbc.JDBC4Connection@2037af17

2017-07-15 22:16:59
[DEBUG]-[Thread: HikariPool-1 connection adder]-[com.zaxxer.hikari.pool.HikariPool$PoolEntryCreator.call()]: HikariPool-1 - Added connection com.mysql.jdbc.JDBC4Connection@541a0278

2017-07-15 22:16:59
[DEBUG]-[Thread: HikariPool-1 connection adder]-[com.zaxxer.hikari.pool.HikariPool$PoolEntryCreator.call()]: HikariPool-1 - Added connection com.mysql.jdbc.JDBC4Connection@52cce8f0

2017-07-15 22:16:59
[DEBUG]-[Thread: HikariPool-1 connection adder]-[com.zaxxer.hikari.pool.HikariPool$PoolEntryCreator.call()]: HikariPool-1 - Added connection com.mysql.jdbc.JDBC4Connection@6b333049

2017-07-15 22:16:59
[DEBUG]-[Thread: HikariPool-1 connection adder]-[com.zaxxer.hikari.pool.HikariPool$PoolEntryCreator.call()]: HikariPool-1 - Added connection com.mysql.jdbc.JDBC4Connection@1c3c9d38

2017-07-15 22:16:59
[DEBUG]-[Thread: HikariPool-1 connection adder]-[com.zaxxer.hikari.pool.HikariPool$PoolEntryCreator.call()]: HikariPool-1 - Added connection com.mysql.jdbc.JDBC4Connection@b375c94

2017-07-15 22:16:59
[DEBUG]-[Thread: HikariPool-1 connection adder]-[com.zaxxer.hikari.pool.HikariPool$PoolEntryCreator.call()]: HikariPool-1 - Added connection com.mysql.jdbc.JDBC4Connection@32d8dbff

2017-07-15 22:16:59
[DEBUG]-[Thread: HikariPool-1 connection adder]-[com.zaxxer.hikari.pool.HikariPool$PoolEntryCreator.call()]: HikariPool-1 - Added connection com.mysql.jdbc.JDBC4Connection@493f0e87

2017-07-15 22:16:59
[DEBUG]-[Thread: HikariPool-1 connection adder]-[com.zaxxer.hikari.pool.HikariPool$PoolEntryCreator.call()]: HikariPool-1 - Added connection com.mysql.jdbc.JDBC4Connection@6dfd8ca2

2017-07-15 22:16:59
[DEBUG]-[Thread: HikariPool-1 connection adder]-[com.zaxxer.hikari.pool.HikariPool.logPoolState()]: HikariPool-1 - After adding stats (total=10, active=0, idle=10, waiting=0)

2017-07-15 22:17:29
[DEBUG]-[Thread: HikariPool-1 housekeeper]-[com.zaxxer.hikari.pool.HikariPool.logPoolState()]: HikariPool-1 - Pool stats (total=10, active=0, idle=10, waiting=0)

2017-07-15 22:17:59
[DEBUG]-[Thread: HikariPool-1 housekeeper]-[com.zaxxer.hikari.pool.HikariPool.logPoolState()]: HikariPool-1 - Pool stats (total=10, active=0, idle=10, waiting=0)

2017-07-15 22:18:29
[DEBUG]-[Thread: HikariPool-1 housekeeper]-[com.zaxxer.hikari.pool.HikariPool.logPoolState()]: HikariPool-1 - Pool stats (total=10, active=0, idle=10, waiting=0)

2017-07-15 22:18:33
[DEBUG]-[Thread: localhost-startStop-1]-[com.zaxxer.hikari.HikariConfig.setDriverClassName()]: Driver class found in the HikariConfig class classloader WebappClassLoader
  context: 
  delegate: false
  repositories:
    /WEB-INF/classes/
----------> Parent Classloader:
ClassRealm[plugin>org.apache.tomcat.maven:tomcat7-maven-plugin:2.2, parent: sun.misc.Launcher$AppClassLoader@18b4aac2]


2017-07-15 22:18:33
[DEBUG]-[Thread: localhost-startStop-1]-[com.zaxxer.hikari.HikariConfig.logConfiguration()]: HikariPool-1 - configuration:

2017-07-15 22:18:33
[DEBUG]-[Thread: localhost-startStop-1]-[com.zaxxer.hikari.HikariConfig.logConfiguration()]: allowPoolSuspension.............false

2017-07-15 22:18:33
[DEBUG]-[Thread: localhost-startStop-1]-[com.zaxxer.hikari.HikariConfig.logConfiguration()]: autoCommit......................true

2017-07-15 22:18:33
[DEBUG]-[Thread: localhost-startStop-1]-[com.zaxxer.hikari.HikariConfig.logConfiguration()]: catalog.........................none

2017-07-15 22:18:33
[DEBUG]-[Thread: localhost-startStop-1]-[com.zaxxer.hikari.HikariConfig.logConfiguration()]: connectionInitSql...............none

2017-07-15 22:18:33
[DEBUG]-[Thread: localhost-startStop-1]-[com.zaxxer.hikari.HikariConfig.logConfiguration()]: connectionTestQuery.............none

2017-07-15 22:18:33
[DEBUG]-[Thread: localhost-startStop-1]-[com.zaxxer.hikari.HikariConfig.logConfiguration()]: connectionTimeout...............30000

2017-07-15 22:18:33
[DEBUG]-[Thread: localhost-startStop-1]-[com.zaxxer.hikari.HikariConfig.logConfiguration()]: dataSource......................none

2017-07-15 22:18:33
[DEBUG]-[Thread: localhost-startStop-1]-[com.zaxxer.hikari.HikariConfig.logConfiguration()]: dataSourceClassName.............none

2017-07-15 22:18:33
[DEBUG]-[Thread: localhost-startStop-1]-[com.zaxxer.hikari.HikariConfig.logConfiguration()]: dataSourceJNDI..................none

2017-07-15 22:18:33
[DEBUG]-[Thread: localhost-startStop-1]-[com.zaxxer.hikari.HikariConfig.logConfiguration()]: dataSourceProperties............{password=<masked>, prepStmtCacheSqlLimit=2048, cachePrepStmts=true, useServerPrepStmts=true, prepStmtCacheSize=256}

2017-07-15 22:18:33
[DEBUG]-[Thread: localhost-startStop-1]-[com.zaxxer.hikari.HikariConfig.logConfiguration()]: driverClassName................."com.mysql.jdbc.Driver"

2017-07-15 22:18:33
[DEBUG]-[Thread: localhost-startStop-1]-[com.zaxxer.hikari.HikariConfig.logConfiguration()]: healthCheckProperties...........{}

2017-07-15 22:18:33
[DEBUG]-[Thread: localhost-startStop-1]-[com.zaxxer.hikari.HikariConfig.logConfiguration()]: healthCheckRegistry.............none

2017-07-15 22:18:33
[DEBUG]-[Thread: localhost-startStop-1]-[com.zaxxer.hikari.HikariConfig.logConfiguration()]: idleTimeout.....................600000

2017-07-15 22:18:33
[DEBUG]-[Thread: localhost-startStop-1]-[com.zaxxer.hikari.HikariConfig.logConfiguration()]: initializationFailFast..........true

2017-07-15 22:18:33
[DEBUG]-[Thread: localhost-startStop-1]-[com.zaxxer.hikari.HikariConfig.logConfiguration()]: initializationFailTimeout.......1

2017-07-15 22:18:33
[DEBUG]-[Thread: localhost-startStop-1]-[com.zaxxer.hikari.HikariConfig.logConfiguration()]: isolateInternalQueries..........false

2017-07-15 22:18:33
[DEBUG]-[Thread: localhost-startStop-1]-[com.zaxxer.hikari.HikariConfig.logConfiguration()]: jdbc4ConnectionTest.............false

2017-07-15 22:18:33
[DEBUG]-[Thread: localhost-startStop-1]-[com.zaxxer.hikari.HikariConfig.logConfiguration()]: jdbcUrl........................."jdbc:mysql://localhost:3306/tomexam?characterEncoding=utf8&zeroDateTimeBehavior=convertToNull&&useSSL=false"

2017-07-15 22:18:33
[DEBUG]-[Thread: localhost-startStop-1]-[com.zaxxer.hikari.HikariConfig.logConfiguration()]: leakDetectionThreshold..........0

2017-07-15 22:18:33
[DEBUG]-[Thread: localhost-startStop-1]-[com.zaxxer.hikari.HikariConfig.logConfiguration()]: maxLifetime.....................1800000

2017-07-15 22:18:33
[DEBUG]-[Thread: localhost-startStop-1]-[com.zaxxer.hikari.HikariConfig.logConfiguration()]: maximumPoolSize.................10

2017-07-15 22:18:33
[DEBUG]-[Thread: localhost-startStop-1]-[com.zaxxer.hikari.HikariConfig.logConfiguration()]: metricRegistry..................none

2017-07-15 22:18:33
[DEBUG]-[Thread: localhost-startStop-1]-[com.zaxxer.hikari.HikariConfig.logConfiguration()]: metricsTrackerFactory...........none

2017-07-15 22:18:33
[DEBUG]-[Thread: localhost-startStop-1]-[com.zaxxer.hikari.HikariConfig.logConfiguration()]: minimumIdle.....................10

2017-07-15 22:18:33
[DEBUG]-[Thread: localhost-startStop-1]-[com.zaxxer.hikari.HikariConfig.logConfiguration()]: password........................<masked>

2017-07-15 22:18:33
[DEBUG]-[Thread: localhost-startStop-1]-[com.zaxxer.hikari.HikariConfig.logConfiguration()]: poolName........................"HikariPool-1"

2017-07-15 22:18:33
[DEBUG]-[Thread: localhost-startStop-1]-[com.zaxxer.hikari.HikariConfig.logConfiguration()]: readOnly........................false

2017-07-15 22:18:33
[DEBUG]-[Thread: localhost-startStop-1]-[com.zaxxer.hikari.HikariConfig.logConfiguration()]: registerMbeans..................false

2017-07-15 22:18:33
[DEBUG]-[Thread: localhost-startStop-1]-[com.zaxxer.hikari.HikariConfig.logConfiguration()]: scheduledExecutor...............none

2017-07-15 22:18:33
[DEBUG]-[Thread: localhost-startStop-1]-[com.zaxxer.hikari.HikariConfig.logConfiguration()]: scheduledExecutorService........internal

2017-07-15 22:18:33
[DEBUG]-[Thread: localhost-startStop-1]-[com.zaxxer.hikari.HikariConfig.logConfiguration()]: threadFactory...................internal

2017-07-15 22:18:33
[DEBUG]-[Thread: localhost-startStop-1]-[com.zaxxer.hikari.HikariConfig.logConfiguration()]: transactionIsolation............default

2017-07-15 22:18:33
[DEBUG]-[Thread: localhost-startStop-1]-[com.zaxxer.hikari.HikariConfig.logConfiguration()]: username........................"root"

2017-07-15 22:18:33
[DEBUG]-[Thread: localhost-startStop-1]-[com.zaxxer.hikari.HikariConfig.logConfiguration()]: validationTimeout...............5000

2017-07-15 22:18:33
[INFO]-[Thread: localhost-startStop-1]-[com.zaxxer.hikari.HikariDataSource.<init>()]: HikariPool-1 - Starting...

2017-07-15 22:18:33
[DEBUG]-[Thread: localhost-startStop-1]-[com.zaxxer.hikari.pool.HikariPool.checkFailFast()]: HikariPool-1 - Added connection com.mysql.jdbc.JDBC4Connection@17780c94

2017-07-15 22:18:33
[INFO]-[Thread: localhost-startStop-1]-[com.zaxxer.hikari.HikariDataSource.<init>()]: HikariPool-1 - Start completed.

2017-07-15 22:18:33
[ERROR]-[Thread: localhost-startStop-1]-[com.jfinal.core.Config.startPlugins()]: Plugin start error: com.jfinal.plugin.activerecord.ActiveRecordPlugin. 
File not found : C:\github\tomexam\tomexam-modules\exammd\exam-web\target\exam-web\WEB-INF\classes/templete.sql
java.lang.RuntimeException: File not found : C:\github\tomexam\tomexam-modules\exammd\exam-web\target\exam-web\WEB-INF\classes/templete.sql
	at com.jfinal.template.FileStringSource.getContent(FileStringSource.java:70)
	at com.jfinal.template.Engine.buildTemplateByFileStringSource(Engine.java:147)
	at com.jfinal.template.Engine.getTemplate(Engine.java:133)
	at com.jfinal.plugin.activerecord.sql.SqlKit.parseSqlTemplate(SqlKit.java:92)
	at com.jfinal.plugin.activerecord.ActiveRecordPlugin.start(ActiveRecordPlugin.java:216)
	at com.jfinal.core.Config.startPlugins(Config.java:107)
	at com.jfinal.core.Config.configJFinal(Config.java:53)
	at com.jfinal.core.JFinal.init(JFinal.java:63)
	at com.jfinal.core.JFinalFilter.init(JFinalFilter.java:49)
	at org.apache.catalina.core.ApplicationFilterConfig.initFilter(ApplicationFilterConfig.java:281)
	at org.apache.catalina.core.ApplicationFilterConfig.getFilter(ApplicationFilterConfig.java:262)
	at org.apache.catalina.core.ApplicationFilterConfig.<init>(ApplicationFilterConfig.java:107)
	at org.apache.catalina.core.StandardContext.filterStart(StandardContext.java:4775)
	at org.apache.catalina.core.StandardContext.startInternal(StandardContext.java:5452)
	at org.apache.catalina.util.LifecycleBase.start(LifecycleBase.java:150)
	at org.apache.catalina.core.ContainerBase$StartChild.call(ContainerBase.java:1559)
	at org.apache.catalina.core.ContainerBase$StartChild.call(ContainerBase.java:1549)
	at java.util.concurrent.FutureTask.run(FutureTask.java:266)
	at java.util.concurrent.ThreadPoolExecutor.runWorker(ThreadPoolExecutor.java:1142)
	at java.util.concurrent.ThreadPoolExecutor$Worker.run(ThreadPoolExecutor.java:617)
	at java.lang.Thread.run(Thread.java:745)

2017-07-15 22:18:34
[DEBUG]-[Thread: HikariPool-1 housekeeper]-[com.zaxxer.hikari.pool.HikariPool.logPoolState()]: HikariPool-1 - Pool stats (total=1, active=0, idle=1, waiting=0)

2017-07-15 22:18:34
[DEBUG]-[Thread: HikariPool-1 connection adder]-[com.zaxxer.hikari.pool.HikariPool$PoolEntryCreator.call()]: HikariPool-1 - Added connection com.mysql.jdbc.JDBC4Connection@19acca2e

2017-07-15 22:18:34
[DEBUG]-[Thread: HikariPool-1 connection adder]-[com.zaxxer.hikari.pool.HikariPool$PoolEntryCreator.call()]: HikariPool-1 - Added connection com.mysql.jdbc.JDBC4Connection@6d384a94

2017-07-15 22:18:34
[DEBUG]-[Thread: HikariPool-1 connection adder]-[com.zaxxer.hikari.pool.HikariPool$PoolEntryCreator.call()]: HikariPool-1 - Added connection com.mysql.jdbc.JDBC4Connection@93e0937

2017-07-15 22:18:34
[DEBUG]-[Thread: HikariPool-1 connection adder]-[com.zaxxer.hikari.pool.HikariPool$PoolEntryCreator.call()]: HikariPool-1 - Added connection com.mysql.jdbc.JDBC4Connection@be8921d

2017-07-15 22:18:34
[DEBUG]-[Thread: HikariPool-1 connection adder]-[com.zaxxer.hikari.pool.HikariPool$PoolEntryCreator.call()]: HikariPool-1 - Added connection com.mysql.jdbc.JDBC4Connection@5e5d998e

2017-07-15 22:18:34
[DEBUG]-[Thread: HikariPool-1 connection adder]-[com.zaxxer.hikari.pool.HikariPool$PoolEntryCreator.call()]: HikariPool-1 - Added connection com.mysql.jdbc.JDBC4Connection@11ed4e16

2017-07-15 22:18:34
[DEBUG]-[Thread: HikariPool-1 connection adder]-[com.zaxxer.hikari.pool.HikariPool$PoolEntryCreator.call()]: HikariPool-1 - Added connection com.mysql.jdbc.JDBC4Connection@51dd68b6

2017-07-15 22:18:34
[DEBUG]-[Thread: HikariPool-1 connection adder]-[com.zaxxer.hikari.pool.HikariPool$PoolEntryCreator.call()]: HikariPool-1 - Added connection com.mysql.jdbc.JDBC4Connection@15029425

2017-07-15 22:18:34
[DEBUG]-[Thread: HikariPool-1 connection adder]-[com.zaxxer.hikari.pool.HikariPool$PoolEntryCreator.call()]: HikariPool-1 - Added connection com.mysql.jdbc.JDBC4Connection@c00f4f4

2017-07-15 22:18:34
[DEBUG]-[Thread: HikariPool-1 connection adder]-[com.zaxxer.hikari.pool.HikariPool.logPoolState()]: HikariPool-1 - After adding stats (total=10, active=0, idle=10, waiting=0)

2017-07-15 22:18:59
[DEBUG]-[Thread: HikariPool-1 housekeeper]-[com.zaxxer.hikari.pool.HikariPool.logPoolState()]: HikariPool-1 - Pool stats (total=10, active=0, idle=10, waiting=0)

2017-07-15 22:19:04
[DEBUG]-[Thread: HikariPool-1 housekeeper]-[com.zaxxer.hikari.pool.HikariPool.logPoolState()]: HikariPool-1 - Pool stats (total=10, active=0, idle=10, waiting=0)

2017-07-15 22:19:29
[DEBUG]-[Thread: HikariPool-1 housekeeper]-[com.zaxxer.hikari.pool.HikariPool.logPoolState()]: HikariPool-1 - Pool stats (total=10, active=0, idle=10, waiting=0)

2017-07-15 22:19:34
[DEBUG]-[Thread: HikariPool-1 housekeeper]-[com.zaxxer.hikari.pool.HikariPool.logPoolState()]: HikariPool-1 - Pool stats (total=10, active=0, idle=10, waiting=0)

2017-07-15 22:19:59
[DEBUG]-[Thread: HikariPool-1 housekeeper]-[com.zaxxer.hikari.pool.HikariPool.logPoolState()]: HikariPool-1 - Pool stats (total=10, active=0, idle=10, waiting=0)

2017-07-15 22:20:04
[DEBUG]-[Thread: HikariPool-1 housekeeper]-[com.zaxxer.hikari.pool.HikariPool.logPoolState()]: HikariPool-1 - Pool stats (total=10, active=0, idle=10, waiting=0)

2017-07-15 22:20:29
[DEBUG]-[Thread: HikariPool-1 housekeeper]-[com.zaxxer.hikari.pool.HikariPool.logPoolState()]: HikariPool-1 - Pool stats (total=10, active=0, idle=10, waiting=0)

2017-07-15 22:20:34
[DEBUG]-[Thread: HikariPool-1 housekeeper]-[com.zaxxer.hikari.pool.HikariPool.logPoolState()]: HikariPool-1 - Pool stats (total=10, active=0, idle=10, waiting=0)

2017-07-15 22:20:59
[DEBUG]-[Thread: HikariPool-1 housekeeper]-[com.zaxxer.hikari.pool.HikariPool.logPoolState()]: HikariPool-1 - Pool stats (total=10, active=0, idle=10, waiting=0)

2017-07-15 22:21:04
[DEBUG]-[Thread: HikariPool-1 housekeeper]-[com.zaxxer.hikari.pool.HikariPool.logPoolState()]: HikariPool-1 - Pool stats (total=10, active=0, idle=10, waiting=0)

2017-07-15 22:21:29
[DEBUG]-[Thread: HikariPool-1 housekeeper]-[com.zaxxer.hikari.pool.HikariPool.logPoolState()]: HikariPool-1 - Pool stats (total=10, active=0, idle=10, waiting=0)

2017-07-15 22:21:34
[DEBUG]-[Thread: HikariPool-1 housekeeper]-[com.zaxxer.hikari.pool.HikariPool.logPoolState()]: HikariPool-1 - Pool stats (total=10, active=0, idle=10, waiting=0)

2017-07-15 22:22:12
[DEBUG]-[Thread: localhost-startStop-1]-[com.zaxxer.hikari.HikariConfig.setDriverClassName()]: Driver class found in the HikariConfig class classloader WebappClassLoader
  context: 
  delegate: false
  repositories:
    /WEB-INF/classes/
----------> Parent Classloader:
ClassRealm[plugin>org.apache.tomcat.maven:tomcat7-maven-plugin:2.2, parent: sun.misc.Launcher$AppClassLoader@18b4aac2]


2017-07-15 22:22:12
[DEBUG]-[Thread: localhost-startStop-1]-[com.zaxxer.hikari.HikariConfig.logConfiguration()]: HikariPool-1 - configuration:

2017-07-15 22:22:12
[DEBUG]-[Thread: localhost-startStop-1]-[com.zaxxer.hikari.HikariConfig.logConfiguration()]: allowPoolSuspension.............false

2017-07-15 22:22:12
[DEBUG]-[Thread: localhost-startStop-1]-[com.zaxxer.hikari.HikariConfig.logConfiguration()]: autoCommit......................true

2017-07-15 22:22:12
[DEBUG]-[Thread: localhost-startStop-1]-[com.zaxxer.hikari.HikariConfig.logConfiguration()]: catalog.........................none

2017-07-15 22:22:12
[DEBUG]-[Thread: localhost-startStop-1]-[com.zaxxer.hikari.HikariConfig.logConfiguration()]: connectionInitSql...............none

2017-07-15 22:22:12
[DEBUG]-[Thread: localhost-startStop-1]-[com.zaxxer.hikari.HikariConfig.logConfiguration()]: connectionTestQuery.............none

2017-07-15 22:22:12
[DEBUG]-[Thread: localhost-startStop-1]-[com.zaxxer.hikari.HikariConfig.logConfiguration()]: connectionTimeout...............30000

2017-07-15 22:22:12
[DEBUG]-[Thread: localhost-startStop-1]-[com.zaxxer.hikari.HikariConfig.logConfiguration()]: dataSource......................none

2017-07-15 22:22:12
[DEBUG]-[Thread: localhost-startStop-1]-[com.zaxxer.hikari.HikariConfig.logConfiguration()]: dataSourceClassName.............none

2017-07-15 22:22:12
[DEBUG]-[Thread: localhost-startStop-1]-[com.zaxxer.hikari.HikariConfig.logConfiguration()]: dataSourceJNDI..................none

2017-07-15 22:22:12
[DEBUG]-[Thread: localhost-startStop-1]-[com.zaxxer.hikari.HikariConfig.logConfiguration()]: dataSourceProperties............{password=<masked>, prepStmtCacheSqlLimit=2048, cachePrepStmts=true, useServerPrepStmts=true, prepStmtCacheSize=256}

2017-07-15 22:22:12
[DEBUG]-[Thread: localhost-startStop-1]-[com.zaxxer.hikari.HikariConfig.logConfiguration()]: driverClassName................."com.mysql.jdbc.Driver"

2017-07-15 22:22:12
[DEBUG]-[Thread: localhost-startStop-1]-[com.zaxxer.hikari.HikariConfig.logConfiguration()]: healthCheckProperties...........{}

2017-07-15 22:22:12
[DEBUG]-[Thread: localhost-startStop-1]-[com.zaxxer.hikari.HikariConfig.logConfiguration()]: healthCheckRegistry.............none

2017-07-15 22:22:12
[DEBUG]-[Thread: localhost-startStop-1]-[com.zaxxer.hikari.HikariConfig.logConfiguration()]: idleTimeout.....................600000

2017-07-15 22:22:12
[DEBUG]-[Thread: localhost-startStop-1]-[com.zaxxer.hikari.HikariConfig.logConfiguration()]: initializationFailFast..........true

2017-07-15 22:22:12
[DEBUG]-[Thread: localhost-startStop-1]-[com.zaxxer.hikari.HikariConfig.logConfiguration()]: initializationFailTimeout.......1

2017-07-15 22:22:12
[DEBUG]-[Thread: localhost-startStop-1]-[com.zaxxer.hikari.HikariConfig.logConfiguration()]: isolateInternalQueries..........false

2017-07-15 22:22:12
[DEBUG]-[Thread: localhost-startStop-1]-[com.zaxxer.hikari.HikariConfig.logConfiguration()]: jdbc4ConnectionTest.............false

2017-07-15 22:22:12
[DEBUG]-[Thread: localhost-startStop-1]-[com.zaxxer.hikari.HikariConfig.logConfiguration()]: jdbcUrl........................."jdbc:mysql://localhost:3306/tomexam?characterEncoding=utf8&zeroDateTimeBehavior=convertToNull&&useSSL=false"

2017-07-15 22:22:12
[DEBUG]-[Thread: localhost-startStop-1]-[com.zaxxer.hikari.HikariConfig.logConfiguration()]: leakDetectionThreshold..........0

2017-07-15 22:22:12
[DEBUG]-[Thread: localhost-startStop-1]-[com.zaxxer.hikari.HikariConfig.logConfiguration()]: maxLifetime.....................1800000

2017-07-15 22:22:12
[DEBUG]-[Thread: localhost-startStop-1]-[com.zaxxer.hikari.HikariConfig.logConfiguration()]: maximumPoolSize.................10

2017-07-15 22:22:12
[DEBUG]-[Thread: localhost-startStop-1]-[com.zaxxer.hikari.HikariConfig.logConfiguration()]: metricRegistry..................none

2017-07-15 22:22:12
[DEBUG]-[Thread: localhost-startStop-1]-[com.zaxxer.hikari.HikariConfig.logConfiguration()]: metricsTrackerFactory...........none

2017-07-15 22:22:12
[DEBUG]-[Thread: localhost-startStop-1]-[com.zaxxer.hikari.HikariConfig.logConfiguration()]: minimumIdle.....................10

2017-07-15 22:22:12
[DEBUG]-[Thread: localhost-startStop-1]-[com.zaxxer.hikari.HikariConfig.logConfiguration()]: password........................<masked>

2017-07-15 22:22:12
[DEBUG]-[Thread: localhost-startStop-1]-[com.zaxxer.hikari.HikariConfig.logConfiguration()]: poolName........................"HikariPool-1"

2017-07-15 22:22:12
[DEBUG]-[Thread: localhost-startStop-1]-[com.zaxxer.hikari.HikariConfig.logConfiguration()]: readOnly........................false

2017-07-15 22:22:12
[DEBUG]-[Thread: localhost-startStop-1]-[com.zaxxer.hikari.HikariConfig.logConfiguration()]: registerMbeans..................false

2017-07-15 22:22:12
[DEBUG]-[Thread: localhost-startStop-1]-[com.zaxxer.hikari.HikariConfig.logConfiguration()]: scheduledExecutor...............none

2017-07-15 22:22:12
[DEBUG]-[Thread: localhost-startStop-1]-[com.zaxxer.hikari.HikariConfig.logConfiguration()]: scheduledExecutorService........internal

2017-07-15 22:22:12
[DEBUG]-[Thread: localhost-startStop-1]-[com.zaxxer.hikari.HikariConfig.logConfiguration()]: threadFactory...................internal

2017-07-15 22:22:12
[DEBUG]-[Thread: localhost-startStop-1]-[com.zaxxer.hikari.HikariConfig.logConfiguration()]: transactionIsolation............default

2017-07-15 22:22:12
[DEBUG]-[Thread: localhost-startStop-1]-[com.zaxxer.hikari.HikariConfig.logConfiguration()]: username........................"root"

2017-07-15 22:22:12
[DEBUG]-[Thread: localhost-startStop-1]-[com.zaxxer.hikari.HikariConfig.logConfiguration()]: validationTimeout...............5000

2017-07-15 22:22:12
[INFO]-[Thread: localhost-startStop-1]-[com.zaxxer.hikari.HikariDataSource.<init>()]: HikariPool-1 - Starting...

2017-07-15 22:22:13
[DEBUG]-[Thread: localhost-startStop-1]-[com.zaxxer.hikari.pool.HikariPool.checkFailFast()]: HikariPool-1 - Added connection com.mysql.jdbc.JDBC4Connection@5d19e394

2017-07-15 22:22:13
[INFO]-[Thread: localhost-startStop-1]-[com.zaxxer.hikari.HikariDataSource.<init>()]: HikariPool-1 - Start completed.

2017-07-15 22:22:13
[ERROR]-[Thread: localhost-startStop-1]-[com.jfinal.core.Config.startPlugins()]: Plugin start error: com.jfinal.plugin.activerecord.ActiveRecordPlugin. 
File not found : null/templete.sql
java.lang.RuntimeException: File not found : null/templete.sql
	at com.jfinal.template.FileStringSource.getContent(FileStringSource.java:70)
	at com.jfinal.template.Engine.buildTemplateByFileStringSource(Engine.java:147)
	at com.jfinal.template.Engine.getTemplate(Engine.java:133)
	at com.jfinal.plugin.activerecord.sql.SqlKit.parseSqlTemplate(SqlKit.java:92)
	at com.jfinal.plugin.activerecord.ActiveRecordPlugin.start(ActiveRecordPlugin.java:216)
	at com.jfinal.core.Config.startPlugins(Config.java:107)
	at com.jfinal.core.Config.configJFinal(Config.java:53)
	at com.jfinal.core.JFinal.init(JFinal.java:63)
	at com.jfinal.core.JFinalFilter.init(JFinalFilter.java:49)
	at org.apache.catalina.core.ApplicationFilterConfig.initFilter(ApplicationFilterConfig.java:281)
	at org.apache.catalina.core.ApplicationFilterConfig.getFilter(ApplicationFilterConfig.java:262)
	at org.apache.catalina.core.ApplicationFilterConfig.<init>(ApplicationFilterConfig.java:107)
	at org.apache.catalina.core.StandardContext.filterStart(StandardContext.java:4775)
	at org.apache.catalina.core.StandardContext.startInternal(StandardContext.java:5452)
	at org.apache.catalina.util.LifecycleBase.start(LifecycleBase.java:150)
	at org.apache.catalina.core.ContainerBase$StartChild.call(ContainerBase.java:1559)
	at org.apache.catalina.core.ContainerBase$StartChild.call(ContainerBase.java:1549)
	at java.util.concurrent.FutureTask.run(FutureTask.java:266)
	at java.util.concurrent.ThreadPoolExecutor.runWorker(ThreadPoolExecutor.java:1142)
	at java.util.concurrent.ThreadPoolExecutor$Worker.run(ThreadPoolExecutor.java:617)
	at java.lang.Thread.run(Thread.java:745)

2017-07-15 22:22:13
[DEBUG]-[Thread: HikariPool-1 housekeeper]-[com.zaxxer.hikari.pool.HikariPool.logPoolState()]: HikariPool-1 - Pool stats (total=1, active=0, idle=1, waiting=0)

2017-07-15 22:22:13
[DEBUG]-[Thread: HikariPool-1 connection adder]-[com.zaxxer.hikari.pool.HikariPool$PoolEntryCreator.call()]: HikariPool-1 - Added connection com.mysql.jdbc.JDBC4Connection@54db2313

2017-07-15 22:22:13
[DEBUG]-[Thread: HikariPool-1 connection adder]-[com.zaxxer.hikari.pool.HikariPool$PoolEntryCreator.call()]: HikariPool-1 - Added connection com.mysql.jdbc.JDBC4Connection@20028089

2017-07-15 22:22:13
[DEBUG]-[Thread: HikariPool-1 connection adder]-[com.zaxxer.hikari.pool.HikariPool$PoolEntryCreator.call()]: HikariPool-1 - Added connection com.mysql.jdbc.JDBC4Connection@36c8b0de

2017-07-15 22:22:13
[DEBUG]-[Thread: HikariPool-1 connection adder]-[com.zaxxer.hikari.pool.HikariPool$PoolEntryCreator.call()]: HikariPool-1 - Added connection com.mysql.jdbc.JDBC4Connection@57121e57

2017-07-15 22:22:13
[DEBUG]-[Thread: HikariPool-1 connection adder]-[com.zaxxer.hikari.pool.HikariPool$PoolEntryCreator.call()]: HikariPool-1 - Added connection com.mysql.jdbc.JDBC4Connection@336bd3e9

2017-07-15 22:22:13
[DEBUG]-[Thread: HikariPool-1 connection adder]-[com.zaxxer.hikari.pool.HikariPool$PoolEntryCreator.call()]: HikariPool-1 - Added connection com.mysql.jdbc.JDBC4Connection@44684aa3

2017-07-15 22:22:13
[DEBUG]-[Thread: HikariPool-1 connection adder]-[com.zaxxer.hikari.pool.HikariPool$PoolEntryCreator.call()]: HikariPool-1 - Added connection com.mysql.jdbc.JDBC4Connection@66b64be6

2017-07-15 22:22:13
[DEBUG]-[Thread: HikariPool-1 connection adder]-[com.zaxxer.hikari.pool.HikariPool$PoolEntryCreator.call()]: HikariPool-1 - Added connection com.mysql.jdbc.JDBC4Connection@40d1e644

2017-07-15 22:22:13
[DEBUG]-[Thread: HikariPool-1 connection adder]-[com.zaxxer.hikari.pool.HikariPool$PoolEntryCreator.call()]: HikariPool-1 - Added connection com.mysql.jdbc.JDBC4Connection@154c76f2

2017-07-15 22:22:13
[DEBUG]-[Thread: HikariPool-1 connection adder]-[com.zaxxer.hikari.pool.HikariPool.logPoolState()]: HikariPool-1 - After adding stats (total=10, active=0, idle=10, waiting=0)

2017-07-15 22:23:54
[DEBUG]-[Thread: localhost-startStop-1]-[com.zaxxer.hikari.HikariConfig.setDriverClassName()]: Driver class found in the HikariConfig class classloader WebappClassLoader
  context: 
  delegate: false
  repositories:
----------> Parent Classloader:
ClassRealm[plugin>org.apache.tomcat.maven:tomcat7-maven-plugin:2.2, parent: sun.misc.Launcher$AppClassLoader@18b4aac2]


2017-07-15 22:23:54
[DEBUG]-[Thread: localhost-startStop-1]-[com.zaxxer.hikari.HikariConfig.logConfiguration()]: HikariPool-1 - configuration:

2017-07-15 22:23:54
[DEBUG]-[Thread: localhost-startStop-1]-[com.zaxxer.hikari.HikariConfig.logConfiguration()]: allowPoolSuspension.............false

2017-07-15 22:23:54
[DEBUG]-[Thread: localhost-startStop-1]-[com.zaxxer.hikari.HikariConfig.logConfiguration()]: autoCommit......................true

2017-07-15 22:23:54
[DEBUG]-[Thread: localhost-startStop-1]-[com.zaxxer.hikari.HikariConfig.logConfiguration()]: catalog.........................none

2017-07-15 22:23:54
[DEBUG]-[Thread: localhost-startStop-1]-[com.zaxxer.hikari.HikariConfig.logConfiguration()]: connectionInitSql...............none

2017-07-15 22:23:54
[DEBUG]-[Thread: localhost-startStop-1]-[com.zaxxer.hikari.HikariConfig.logConfiguration()]: connectionTestQuery.............none

2017-07-15 22:23:54
[DEBUG]-[Thread: localhost-startStop-1]-[com.zaxxer.hikari.HikariConfig.logConfiguration()]: connectionTimeout...............30000

2017-07-15 22:23:54
[DEBUG]-[Thread: localhost-startStop-1]-[com.zaxxer.hikari.HikariConfig.logConfiguration()]: dataSource......................none

2017-07-15 22:23:54
[DEBUG]-[Thread: localhost-startStop-1]-[com.zaxxer.hikari.HikariConfig.logConfiguration()]: dataSourceClassName.............none

2017-07-15 22:23:54
[DEBUG]-[Thread: localhost-startStop-1]-[com.zaxxer.hikari.HikariConfig.logConfiguration()]: dataSourceJNDI..................none

2017-07-15 22:23:54
[DEBUG]-[Thread: localhost-startStop-1]-[com.zaxxer.hikari.HikariConfig.logConfiguration()]: dataSourceProperties............{password=<masked>, prepStmtCacheSqlLimit=2048, cachePrepStmts=true, useServerPrepStmts=true, prepStmtCacheSize=256}

2017-07-15 22:23:54
[DEBUG]-[Thread: localhost-startStop-1]-[com.zaxxer.hikari.HikariConfig.logConfiguration()]: driverClassName................."com.mysql.jdbc.Driver"

2017-07-15 22:23:54
[DEBUG]-[Thread: localhost-startStop-1]-[com.zaxxer.hikari.HikariConfig.logConfiguration()]: healthCheckProperties...........{}

2017-07-15 22:23:54
[DEBUG]-[Thread: localhost-startStop-1]-[com.zaxxer.hikari.HikariConfig.logConfiguration()]: healthCheckRegistry.............none

2017-07-15 22:23:54
[DEBUG]-[Thread: localhost-startStop-1]-[com.zaxxer.hikari.HikariConfig.logConfiguration()]: idleTimeout.....................600000

2017-07-15 22:23:54
[DEBUG]-[Thread: localhost-startStop-1]-[com.zaxxer.hikari.HikariConfig.logConfiguration()]: initializationFailFast..........true

2017-07-15 22:23:54
[DEBUG]-[Thread: localhost-startStop-1]-[com.zaxxer.hikari.HikariConfig.logConfiguration()]: initializationFailTimeout.......1

2017-07-15 22:23:54
[DEBUG]-[Thread: localhost-startStop-1]-[com.zaxxer.hikari.HikariConfig.logConfiguration()]: isolateInternalQueries..........false

2017-07-15 22:23:54
[DEBUG]-[Thread: localhost-startStop-1]-[com.zaxxer.hikari.HikariConfig.logConfiguration()]: jdbc4ConnectionTest.............false

2017-07-15 22:23:54
[DEBUG]-[Thread: localhost-startStop-1]-[com.zaxxer.hikari.HikariConfig.logConfiguration()]: jdbcUrl........................."jdbc:mysql://localhost:3306/tomexam?characterEncoding=utf8&zeroDateTimeBehavior=convertToNull&&useSSL=false"

2017-07-15 22:23:54
[DEBUG]-[Thread: localhost-startStop-1]-[com.zaxxer.hikari.HikariConfig.logConfiguration()]: leakDetectionThreshold..........0

2017-07-15 22:23:54
[DEBUG]-[Thread: localhost-startStop-1]-[com.zaxxer.hikari.HikariConfig.logConfiguration()]: maxLifetime.....................1800000

2017-07-15 22:23:54
[DEBUG]-[Thread: localhost-startStop-1]-[com.zaxxer.hikari.HikariConfig.logConfiguration()]: maximumPoolSize.................10

2017-07-15 22:23:54
[DEBUG]-[Thread: localhost-startStop-1]-[com.zaxxer.hikari.HikariConfig.logConfiguration()]: metricRegistry..................none

2017-07-15 22:23:54
[DEBUG]-[Thread: localhost-startStop-1]-[com.zaxxer.hikari.HikariConfig.logConfiguration()]: metricsTrackerFactory...........none

2017-07-15 22:23:54
[DEBUG]-[Thread: localhost-startStop-1]-[com.zaxxer.hikari.HikariConfig.logConfiguration()]: minimumIdle.....................10

2017-07-15 22:23:54
[DEBUG]-[Thread: localhost-startStop-1]-[com.zaxxer.hikari.HikariConfig.logConfiguration()]: password........................<masked>

2017-07-15 22:23:54
[DEBUG]-[Thread: localhost-startStop-1]-[com.zaxxer.hikari.HikariConfig.logConfiguration()]: poolName........................"HikariPool-1"

2017-07-15 22:23:54
[DEBUG]-[Thread: localhost-startStop-1]-[com.zaxxer.hikari.HikariConfig.logConfiguration()]: readOnly........................false

2017-07-15 22:23:54
[DEBUG]-[Thread: localhost-startStop-1]-[com.zaxxer.hikari.HikariConfig.logConfiguration()]: registerMbeans..................false

2017-07-15 22:23:54
[DEBUG]-[Thread: localhost-startStop-1]-[com.zaxxer.hikari.HikariConfig.logConfiguration()]: scheduledExecutor...............none

2017-07-15 22:23:54
[DEBUG]-[Thread: localhost-startStop-1]-[com.zaxxer.hikari.HikariConfig.logConfiguration()]: scheduledExecutorService........internal

2017-07-15 22:23:54
[DEBUG]-[Thread: localhost-startStop-1]-[com.zaxxer.hikari.HikariConfig.logConfiguration()]: threadFactory...................internal

2017-07-15 22:23:54
[DEBUG]-[Thread: localhost-startStop-1]-[com.zaxxer.hikari.HikariConfig.logConfiguration()]: transactionIsolation............default

2017-07-15 22:23:54
[DEBUG]-[Thread: localhost-startStop-1]-[com.zaxxer.hikari.HikariConfig.logConfiguration()]: username........................"root"

2017-07-15 22:23:54
[DEBUG]-[Thread: localhost-startStop-1]-[com.zaxxer.hikari.HikariConfig.logConfiguration()]: validationTimeout...............5000

2017-07-15 22:23:54
[INFO]-[Thread: localhost-startStop-1]-[com.zaxxer.hikari.HikariDataSource.<init>()]: HikariPool-1 - Starting...

2017-07-15 22:23:54
[DEBUG]-[Thread: localhost-startStop-1]-[com.zaxxer.hikari.pool.HikariPool.checkFailFast()]: HikariPool-1 - Added connection com.mysql.jdbc.JDBC4Connection@66315b3a

2017-07-15 22:23:54
[INFO]-[Thread: localhost-startStop-1]-[com.zaxxer.hikari.HikariDataSource.<init>()]: HikariPool-1 - Start completed.

2017-07-15 22:23:55
[DEBUG]-[Thread: HikariPool-1 housekeeper]-[com.zaxxer.hikari.pool.HikariPool.logPoolState()]: HikariPool-1 - Pool stats (total=1, active=0, idle=1, waiting=0)

2017-07-15 22:23:55
[DEBUG]-[Thread: HikariPool-1 connection adder]-[com.zaxxer.hikari.pool.HikariPool$PoolEntryCreator.call()]: HikariPool-1 - Added connection com.mysql.jdbc.JDBC4Connection@2a671652

2017-07-15 22:23:55
[DEBUG]-[Thread: HikariPool-1 connection adder]-[com.zaxxer.hikari.pool.HikariPool$PoolEntryCreator.call()]: HikariPool-1 - Added connection com.mysql.jdbc.JDBC4Connection@5e40f08e

2017-07-15 22:23:55
[DEBUG]-[Thread: HikariPool-1 connection adder]-[com.zaxxer.hikari.pool.HikariPool$PoolEntryCreator.call()]: HikariPool-1 - Added connection com.mysql.jdbc.JDBC4Connection@26317dad

2017-07-15 22:23:55
[DEBUG]-[Thread: HikariPool-1 connection adder]-[com.zaxxer.hikari.pool.HikariPool$PoolEntryCreator.call()]: HikariPool-1 - Added connection com.mysql.jdbc.JDBC4Connection@158490ee

2017-07-15 22:23:55
[DEBUG]-[Thread: HikariPool-1 connection adder]-[com.zaxxer.hikari.pool.HikariPool$PoolEntryCreator.call()]: HikariPool-1 - Added connection com.mysql.jdbc.JDBC4Connection@58ca7ee1

2017-07-15 22:23:55
[DEBUG]-[Thread: HikariPool-1 connection adder]-[com.zaxxer.hikari.pool.HikariPool$PoolEntryCreator.call()]: HikariPool-1 - Added connection com.mysql.jdbc.JDBC4Connection@72fb2cc4

2017-07-15 22:23:55
[DEBUG]-[Thread: HikariPool-1 connection adder]-[com.zaxxer.hikari.pool.HikariPool$PoolEntryCreator.call()]: HikariPool-1 - Added connection com.mysql.jdbc.JDBC4Connection@6f2693e

2017-07-15 22:23:55
[DEBUG]-[Thread: HikariPool-1 connection adder]-[com.zaxxer.hikari.pool.HikariPool$PoolEntryCreator.call()]: HikariPool-1 - Added connection com.mysql.jdbc.JDBC4Connection@32bda46b

2017-07-15 22:23:55
[DEBUG]-[Thread: HikariPool-1 connection adder]-[com.zaxxer.hikari.pool.HikariPool$PoolEntryCreator.call()]: HikariPool-1 - Added connection com.mysql.jdbc.JDBC4Connection@33cfbbb8

2017-07-15 22:23:55
[DEBUG]-[Thread: HikariPool-1 connection adder]-[com.zaxxer.hikari.pool.HikariPool.logPoolState()]: HikariPool-1 - After adding stats (total=10, active=0, idle=10, waiting=0)

2017-07-15 22:24:25
[DEBUG]-[Thread: HikariPool-1 housekeeper]-[com.zaxxer.hikari.pool.HikariPool.logPoolState()]: HikariPool-1 - Pool stats (total=10, active=0, idle=10, waiting=0)

2017-07-15 22:24:55
[DEBUG]-[Thread: HikariPool-1 housekeeper]-[com.zaxxer.hikari.pool.HikariPool.logPoolState()]: HikariPool-1 - Pool stats (total=10, active=0, idle=10, waiting=0)

2017-07-15 22:25:25
[DEBUG]-[Thread: HikariPool-1 housekeeper]-[com.zaxxer.hikari.pool.HikariPool.logPoolState()]: HikariPool-1 - Pool stats (total=10, active=0, idle=10, waiting=0)

2017-07-15 22:25:55
[DEBUG]-[Thread: HikariPool-1 housekeeper]-[com.zaxxer.hikari.pool.HikariPool.logPoolState()]: HikariPool-1 - Pool stats (total=10, active=0, idle=10, waiting=0)
